<?xml version="1.0" encoding="UTF-8"?>
<!-- Generated by org.testng.reporters.JUnitReportReporter -->
<testsuite hostname="Yurii" failures="0" tests="5" name="com.halas.GmailTest" time="514.555" errors="0" timestamp="2019-06-03T12:13:48 EEST" skipped="0">
  <testcase classname="com.halas.GmailTest" name="testSingInAndGoToSavedMessageAndCheckCorrectAndSendMess" time="105.717"/>
  <testcase classname="com.halas.GmailTest" name="testSingInAndGoToSavedMessageAndCheckCorrectAndSendMess" time="90.142"/>
  <testcase classname="com.halas.GmailTest" name="testSingInAndGoToSavedMessageAndCheckCorrectAndSendMess" time="92.587"/>
  <testcase classname="com.halas.GmailTest" name="testSingInAndGoToSavedMessageAndCheckCorrectAndSendMess" time="112.168"/>
  <testcase classname="com.halas.GmailTest" name="testSingInAndGoToSavedMessageAndCheckCorrectAndSendMess" time="113.941"/>
</testsuite> <!-- com.halas.GmailTest -->
