<?xml version="1.0" encoding="UTF-8"?>
<!-- Generated by org.testng.reporters.JUnitReportReporter -->
<testsuite skipped="0" hostname="DESKTOP-NL8FL3U" name="TestGmail" tests="5" failures="0" timestamp="2019-05-20T21:06:28 EEST" time="411.961" errors="0">
  <testcase name="LoginTest" time="102.227" classname="TestGmail"/>
  <testcase name="LoginTest" time="58.327" classname="TestGmail"/>
  <testcase name="LoginTest" time="101.607" classname="TestGmail"/>
  <testcase name="LoginTest" time="78.351" classname="TestGmail"/>
  <testcase name="LoginTest" time="71.449" classname="TestGmail"/>
</testsuite> <!-- TestGmail -->
