<?xml version="1.0" encoding="UTF-8"?>
<!-- Generated by org.testng.reporters.JUnitReportReporter -->
<testsuite hostname="Yurii" failures="0" tests="5" name="com.halas.GmailTest" time="277.115" errors="0" timestamp="2019-05-21T18:11:34 EEST" skipped="0">
  <testcase classname="com.halas.GmailTest" name="testSingInAndGoToSavedMessageAndCheckCorrectAndSendMess" time="65.350"/>
  <testcase classname="com.halas.GmailTest" name="testSingInAndGoToSavedMessageAndCheckCorrectAndSendMess" time="38.476"/>
  <testcase classname="com.halas.GmailTest" name="testSingInAndGoToSavedMessageAndCheckCorrectAndSendMess" time="49.226"/>
  <testcase classname="com.halas.GmailTest" name="testSingInAndGoToSavedMessageAndCheckCorrectAndSendMess" time="62.166"/>
  <testcase classname="com.halas.GmailTest" name="testSingInAndGoToSavedMessageAndCheckCorrectAndSendMess" time="61.897"/>
</testsuite> <!-- com.halas.GmailTest -->
